2015-12-24 12:12:18,149 CRIT Supervisor running as root (no user in config file)
2015-12-24 12:12:18,171 INFO supervisord started with pid 50
2015-12-24 12:12:19,176 INFO spawned: 'gunicorn_server' with pid 53
2015-12-24 12:12:19,703 INFO exited: gunicorn_server (exit status 1; not expected)
2015-12-24 12:12:20,707 INFO spawned: 'gunicorn_server' with pid 73
2015-12-24 12:12:21,244 INFO exited: gunicorn_server (exit status 1; not expected)
2015-12-24 12:12:23,250 INFO spawned: 'gunicorn_server' with pid 102
2015-12-24 12:12:23,650 INFO exited: gunicorn_server (exit status 1; not expected)
2015-12-24 12:12:26,657 INFO spawned: 'gunicorn_server' with pid 119
2015-12-24 12:12:27,219 INFO exited: gunicorn_server (exit status 1; not expected)
2015-12-24 12:12:28,221 INFO gave up: gunicorn_server entered FATAL state, too many start retries too quickly
2015-12-24 12:14:36,555 WARN received SIGINT indicating exit request
2015-12-24 12:15:02,907 CRIT Supervisor running as root (no user in config file)
2015-12-24 12:15:02,910 INFO supervisord started with pid 19
2015-12-24 12:15:03,913 INFO spawned: 'gunicorn_server' with pid 22
2015-12-24 12:15:04,365 INFO exited: gunicorn_server (exit status 1; not expected)
2015-12-24 12:15:05,371 INFO spawned: 'gunicorn_server' with pid 42
2015-12-24 12:15:06,056 INFO exited: gunicorn_server (exit status 1; not expected)
2015-12-24 12:15:08,063 INFO spawned: 'gunicorn_server' with pid 74
2015-12-24 12:15:08,522 INFO exited: gunicorn_server (exit status 1; not expected)
2015-12-24 12:15:11,535 INFO spawned: 'gunicorn_server' with pid 91
2015-12-24 12:15:12,262 INFO exited: gunicorn_server (exit status 1; not expected)
2015-12-24 12:15:13,264 INFO gave up: gunicorn_server entered FATAL state, too many start retries too quickly
2015-12-24 12:17:46,643 CRIT Supervisor running as root (no user in config file)
2015-12-24 12:17:46,648 INFO supervisord started with pid 20
2015-12-24 12:17:47,652 INFO spawned: 'gunicorn' with pid 23
2015-12-24 12:17:48,136 INFO exited: gunicorn (exit status 1; not expected)
2015-12-24 12:17:49,141 INFO spawned: 'gunicorn' with pid 46
2015-12-24 12:17:49,660 INFO exited: gunicorn (exit status 1; not expected)
2015-12-24 12:17:51,667 INFO spawned: 'gunicorn' with pid 69
2015-12-24 12:17:52,266 INFO exited: gunicorn (exit status 1; not expected)
2015-12-24 12:17:55,296 INFO spawned: 'gunicorn' with pid 92
2015-12-24 12:17:55,818 INFO exited: gunicorn (exit status 1; not expected)
2015-12-24 12:17:56,819 INFO gave up: gunicorn entered FATAL state, too many start retries too quickly
2015-12-24 13:07:00,398 CRIT Supervisor running as root (no user in config file)
2015-12-24 13:07:00,426 INFO supervisord started with pid 20
2015-12-24 13:07:01,430 INFO spawned: 'gunicorn' with pid 23
2015-12-24 13:07:01,947 INFO exited: gunicorn (exit status 1; not expected)
2015-12-24 13:07:02,951 INFO spawned: 'gunicorn' with pid 46
2015-12-24 13:07:03,426 INFO exited: gunicorn (exit status 1; not expected)
2015-12-24 13:07:05,437 INFO spawned: 'gunicorn' with pid 75
2015-12-24 13:07:05,860 INFO exited: gunicorn (exit status 1; not expected)
2015-12-24 13:07:08,870 INFO spawned: 'gunicorn' with pid 92
2015-12-24 13:07:09,648 INFO exited: gunicorn (exit status 1; not expected)
2015-12-24 13:07:10,650 INFO gave up: gunicorn entered FATAL state, too many start retries too quickly
2015-12-24 13:13:57,608 CRIT Supervisor running as root (no user in config file)
2015-12-24 13:13:57,611 INFO supervisord started with pid 19
2015-12-24 13:13:58,616 INFO spawned: 'gunicorn' with pid 22
2015-12-24 13:13:59,303 INFO exited: gunicorn (exit status 1; not expected)
2015-12-24 13:14:00,309 INFO spawned: 'gunicorn' with pid 51
2015-12-24 13:14:00,812 INFO exited: gunicorn (exit status 1; not expected)
2015-12-24 13:14:02,817 INFO spawned: 'gunicorn' with pid 71
2015-12-24 13:14:03,511 INFO exited: gunicorn (exit status 1; not expected)
2015-12-24 13:14:06,519 INFO spawned: 'gunicorn' with pid 103
2015-12-24 13:14:07,026 INFO exited: gunicorn (exit status 1; not expected)
2015-12-24 13:14:08,028 INFO gave up: gunicorn entered FATAL state, too many start retries too quickly
2015-12-24 13:23:37,642 CRIT Supervisor running as root (no user in config file)
2015-12-24 13:23:37,647 INFO supervisord started with pid 20
2015-12-24 13:23:38,653 INFO spawned: 'gunicorn' with pid 23
2015-12-24 13:23:39,217 INFO exited: gunicorn (exit status 1; not expected)
2015-12-24 13:23:40,223 INFO spawned: 'gunicorn' with pid 43
2015-12-24 13:23:40,965 INFO exited: gunicorn (exit status 1; not expected)
2015-12-24 13:23:42,974 INFO spawned: 'gunicorn' with pid 75
2015-12-24 13:23:43,906 INFO exited: gunicorn (exit status 1; not expected)
2015-12-24 13:23:46,916 INFO spawned: 'gunicorn' with pid 107
2015-12-24 13:23:47,437 INFO exited: gunicorn (exit status 1; not expected)
2015-12-24 13:23:48,482 INFO gave up: gunicorn entered FATAL state, too many start retries too quickly
2016-01-14 14:29:47,161 CRIT Supervisor running as root (no user in config file)
2016-01-14 14:29:47,291 INFO supervisord started with pid 19
2016-01-14 14:29:48,312 INFO spawned: 'gunicorn' with pid 22
2016-01-14 14:29:49,314 INFO success: gunicorn entered RUNNING state, process has stayed up for > than 1 seconds (startsecs)
2016-01-14 14:29:50,759 INFO exited: gunicorn (exit status 1; not expected)
2016-01-14 14:29:51,763 INFO spawned: 'gunicorn' with pid 54
2016-01-14 14:29:52,504 INFO exited: gunicorn (exit status 1; not expected)
2016-01-14 14:29:53,506 INFO spawned: 'gunicorn' with pid 83
2016-01-14 14:29:54,029 INFO exited: gunicorn (exit status 1; not expected)
2016-01-14 14:29:56,033 INFO spawned: 'gunicorn' with pid 112
2016-01-14 14:29:56,403 INFO exited: gunicorn (exit status 1; not expected)
2016-01-14 14:29:59,408 INFO spawned: 'gunicorn' with pid 126
2016-01-14 14:29:59,707 INFO exited: gunicorn (exit status 1; not expected)
2016-01-14 14:30:00,708 INFO gave up: gunicorn entered FATAL state, too many start retries too quickly
2016-01-14 14:33:52,407 CRIT Supervisor running as root (no user in config file)
2016-01-14 14:33:52,409 INFO supervisord started with pid 19
2016-01-14 14:33:53,413 INFO spawned: 'gunicorn' with pid 22
2016-01-14 14:33:53,830 INFO exited: gunicorn (exit status 1; not expected)
2016-01-14 14:33:54,834 INFO spawned: 'gunicorn' with pid 45
2016-01-14 14:33:55,242 INFO exited: gunicorn (exit status 1; not expected)
2016-01-14 14:33:57,246 INFO spawned: 'gunicorn' with pid 65
2016-01-14 14:33:57,653 INFO exited: gunicorn (exit status 1; not expected)
2016-01-14 14:34:00,659 INFO spawned: 'gunicorn' with pid 88
2016-01-14 14:34:01,054 INFO exited: gunicorn (exit status 1; not expected)
2016-01-14 14:34:02,055 INFO gave up: gunicorn entered FATAL state, too many start retries too quickly
2016-01-14 14:40:53,747 CRIT Supervisor running as root (no user in config file)
2016-01-14 14:40:53,767 INFO supervisord started with pid 19
2016-01-14 14:40:54,770 INFO spawned: 'gunicorn' with pid 22
2016-01-14 14:40:55,084 INFO exited: gunicorn (exit status 1; not expected)
2016-01-14 14:40:56,088 INFO spawned: 'gunicorn' with pid 36
2016-01-14 14:40:56,445 INFO exited: gunicorn (exit status 1; not expected)
2016-01-14 14:40:58,451 INFO spawned: 'gunicorn' with pid 50
2016-01-14 14:40:58,800 INFO exited: gunicorn (exit status 1; not expected)
2016-01-14 14:41:01,806 INFO spawned: 'gunicorn' with pid 70
2016-01-14 14:41:02,087 INFO exited: gunicorn (exit status 1; not expected)
2016-01-14 14:41:03,088 INFO gave up: gunicorn entered FATAL state, too many start retries too quickly
2016-01-14 14:44:03,639 CRIT Supervisor running as root (no user in config file)
2016-01-14 14:44:03,641 INFO supervisord started with pid 19
2016-01-14 14:44:04,652 INFO spawned: 'gunicorn' with pid 22
2016-01-14 14:44:05,036 INFO exited: gunicorn (exit status 3; not expected)
2016-01-14 14:44:06,039 INFO spawned: 'gunicorn' with pid 30
2016-01-14 14:44:06,422 INFO exited: gunicorn (exit status 3; not expected)
2016-01-14 14:44:08,426 INFO spawned: 'gunicorn' with pid 38
2016-01-14 14:44:08,819 INFO exited: gunicorn (exit status 3; not expected)
2016-01-14 14:44:11,825 INFO spawned: 'gunicorn' with pid 46
2016-01-14 14:44:12,208 INFO exited: gunicorn (exit status 3; not expected)
2016-01-14 14:44:13,210 INFO gave up: gunicorn entered FATAL state, too many start retries too quickly
2016-01-14 14:58:50,986 CRIT Supervisor running as root (no user in config file)
2016-01-14 14:58:50,988 INFO supervisord started with pid 19
2016-01-14 14:58:51,990 INFO spawned: 'gunicorn' with pid 22
2016-01-14 14:58:52,301 INFO exited: gunicorn (exit status 1; not expected)
2016-01-14 14:58:53,305 INFO spawned: 'gunicorn' with pid 39
2016-01-14 14:58:53,640 INFO exited: gunicorn (exit status 1; not expected)
2016-01-14 14:58:55,644 INFO spawned: 'gunicorn' with pid 56
2016-01-14 14:58:55,949 INFO exited: gunicorn (exit status 1; not expected)
2016-01-14 14:58:58,953 INFO spawned: 'gunicorn' with pid 67
2016-01-14 14:58:59,252 INFO exited: gunicorn (exit status 1; not expected)
2016-01-14 14:59:00,254 INFO gave up: gunicorn entered FATAL state, too many start retries too quickly
2016-01-14 14:59:06,924 CRIT Supervisor running as root (no user in config file)
2016-01-14 14:59:06,926 INFO supervisord started with pid 19
2016-01-14 14:59:07,928 INFO spawned: 'gunicorn' with pid 22
2016-01-14 14:59:08,191 INFO exited: gunicorn (exit status 1; not expected)
2016-01-14 14:59:09,194 INFO spawned: 'gunicorn' with pid 36
2016-01-14 14:59:09,505 INFO exited: gunicorn (exit status 1; not expected)
2016-01-14 14:59:11,510 INFO spawned: 'gunicorn' with pid 53
2016-01-14 14:59:11,836 INFO exited: gunicorn (exit status 1; not expected)
2016-01-14 14:59:14,842 INFO spawned: 'gunicorn' with pid 67
2016-01-14 14:59:15,141 INFO exited: gunicorn (exit status 1; not expected)
2016-01-14 14:59:16,143 INFO gave up: gunicorn entered FATAL state, too many start retries too quickly
